[0612/120417.328:ERROR:process_memory_win.cc(73)] ReadMemory at 0x21d9f2f0000 of 64 bytes failed: Only part of a ReadProcessMemory or WriteProcessMemory request was completed. (0x12B)
[0612/120417.328:WARNING:pe_image_reader.cc(340)] could not read dos header from C:\WINDOWS\System32\USER32.dll
[0612/120417.328:ERROR:process_memory_win.cc(73)] ReadMemory at 0x21d9f609470 of 72 bytes failed: Only part of a ReadProcessMemory or WriteProcessMemory request was completed. (0x12B)
[0612/120417.328:WARNING:pe_image_annotations_reader.cc(134)] could not read annotations list object in C:\Program Files (x86)\Google\Chrome\Application\74.0.3729.169\chrome_elf.dll
[0612/120417.328:ERROR:process_memory_win.cc(73)] ReadMemory at 0x21d9f821ba0 of 72 bytes failed: Only part of a ReadProcessMemory or WriteProcessMemory request was completed. (0x12B)
[0612/120417.359:WARNING:pe_image_annotations_reader.cc(134)] could not read annotations list object in C:\Program Files (x86)\Google\Chrome\Application\74.0.3729.169\chrome_child.dll
[0612/120417.359:ERROR:process_memory_win.cc(73)] ReadMemory at 0x7ff8c5e50000 of 64 bytes failed: Only part of a ReadProcessMemory or WriteProcessMemory request was completed. (0x12B)
[0612/120417.359:WARNING:pe_image_reader.cc(340)] could not read dos header from C:\WINDOWS\System32\WINTRUST.dll
[0612/120417.359:ERROR:process_memory_win.cc(73)] ReadMemory at 0x7ff8c5be0000 of 64 bytes failed: Only part of a ReadProcessMemory or WriteProcessMemory request was completed. (0x12B)
[0612/120417.359:WARNING:pe_image_reader.cc(340)] could not read dos header from C:\WINDOWS\System32\MSASN1.dll
[0612/120417.359:ERROR:process_memory_win.cc(73)] ReadMemory at 0x7ff8c6270000 of 64 bytes failed: Only part of a ReadProcessMemory or WriteProcessMemory request was completed. (0x12B)
[0612/120417.359:WARNING:pe_image_reader.cc(340)] could not read dos header from C:\WINDOWS\System32\CRYPT32.dll
[0612/120417.359:ERROR:process_memory_win.cc(73)] ReadMemory at 0x7ff8c6f50000 of 64 bytes failed: Only part of a ReadProcessMemory or WriteProcessMemory request was completed. (0x12B)
[0612/120417.359:WARNING:pe_image_reader.cc(340)] could not read dos header from C:\WINDOWS\System32\COMDLG32.dll
[0612/120417.359:ERROR:process_memory_win.cc(73)] ReadMemory at 0x7ff8c5170000 of 64 bytes failed: Only part of a ReadProcessMemory or WriteProcessMemory request was completed. (0x12B)
[0612/120417.359:WARNING:pe_image_reader.cc(340)] could not read dos header from C:\WINDOWS\SYSTEM32\IPHLPAPI.DLL
[0612/120417.359:ERROR:process_memory_win.cc(73)] ReadMemory at 0x7ff8bcd30000 of 64 bytes failed: Only part of a ReadProcessMemory or WriteProcessMemory request was completed. (0x12B)
[0612/120417.359:WARNING:pe_image_reader.cc(340)] could not read dos header from C:\WINDOWS\SYSTEM32\OLEACC.dll
[0612/120417.359:ERROR:process_memory_win.cc(73)] ReadMemory at 0x7ff890dd0000 of 64 bytes failed: Only part of a ReadProcessMemory or WriteProcessMemory request was completed. (0x12B)
[0612/120417.359:WARNING:pe_image_reader.cc(340)] could not read dos header from C:\WINDOWS\SYSTEM32\UIAutomationCore.DLL
[0612/120417.359:ERROR:process_memory_win.cc(73)] ReadMemory at 0x7ff8c4750000 of 64 bytes failed: Only part of a ReadProcessMemory or WriteProcessMemory request was completed. (0x12B)
[0612/120417.359:WARNING:pe_image_reader.cc(340)] could not read dos header from C:\WINDOWS\SYSTEM32\WTSAPI32.dll
[0612/120417.359:ERROR:process_memory_win.cc(73)] ReadMemory at 0x7ff8af820000 of 64 bytes failed: Only part of a ReadProcessMemory or WriteProcessMemory request was completed. (0x12B)
[0612/120417.359:WARNING:pe_image_reader.cc(340)] could not read dos header from C:\WINDOWS\SYSTEM32\DWrite.dll
[0612/120417.359:ERROR:process_memory_win.cc(73)] ReadMemory at 0x7ff8c48f0000 of 64 bytes failed: Only part of a ReadProcessMemory or WriteProcessMemory request was completed. (0x12B)
[0612/120417.359:WARNING:pe_image_reader.cc(340)] could not read dos header from C:\WINDOWS\SYSTEM32\dxgi.dll
[0612/120417.359:ERROR:process_memory_win.cc(73)] ReadMemory at 0x7ff8b7020000 of 64 bytes failed: Only part of a ReadProcessMemory or WriteProcessMemory request was completed. (0x12B)
[0612/120417.359:WARNING:pe_image_reader.cc(340)] could not read dos header from C:\WINDOWS\SYSTEM32\WINSPOOL.DRV
[0612/120417.359:ERROR:process_memory_win.cc(73)] ReadMemory at 0x7ff8c5e00000 of 64 bytes failed: Only part of a ReadProcessMemory or WriteProcessMemory request was completed. (0x12B)
[0612/120417.359:WARNING:pe_image_reader.cc(340)] could not read dos header from C:\WINDOWS\System32\bcrypt.dll
[0612/120417.359:ERROR:process_memory_win.cc(73)] ReadMemory at 0x7ff8c4560000 of 64 bytes failed: Only part of a ReadProcessMemory or WriteProcessMemory request was completed. (0x12B)
[0612/120417.359:WARNING:pe_image_reader.cc(340)] could not read dos header from C:\WINDOWS\SYSTEM32\dbghelp.dll
[0612/120417.359:ERROR:process_memory_win.cc(73)] ReadMemory at 0x7ff8b70b0000 of 64 bytes failed: Only part of a ReadProcessMemory or WriteProcessMemory request was completed. (0x12B)
[0612/120417.359:WARNING:pe_image_reader.cc(340)] could not read dos header from C:\WINDOWS\WinSxS\amd64_microsoft.windows.common-controls_6595b64144ccf1df_6.0.17763.557_none_05b63f68071e5b9f\COMCTL32.dll
[0612/120417.359:ERROR:process_memory_win.cc(73)] ReadMemory at 0x7ff8b9f30000 of 64 bytes failed: Only part of a ReadProcessMemory or WriteProcessMemory request was completed. (0x12B)
[0612/120417.359:WARNING:pe_image_reader.cc(340)] could not read dos header from C:\WINDOWS\SYSTEM32\USP10.dll
[0612/120417.359:ERROR:process_memory_win.cc(73)] ReadMemory at 0x7ff8b9580000 of 64 bytes failed: Only part of a ReadProcessMemory or WriteProcessMemory request was completed. (0x12B)
[0612/120417.359:WARNING:pe_image_reader.cc(340)] could not read dos header from C:\WINDOWS\SYSTEM32\WINHTTP.dll
[0612/120417.359:ERROR:process_memory_win.cc(73)] ReadMemory at 0x7ff8b7c80000 of 64 bytes failed: Only part of a ReadProcessMemory or WriteProcessMemory request was completed. (0x12B)
[0612/120417.359:WARNING:pe_image_reader.cc(340)] could not read dos header from C:\WINDOWS\SYSTEM32\urlmon.dll
[0612/120417.359:ERROR:process_memory_win.cc(73)] ReadMemory at 0x7ff8a9000000 of 64 bytes failed: Only part of a ReadProcessMemory or WriteProcessMemory request was completed. (0x12B)
[0612/120417.359:WARNING:pe_image_reader.cc(340)] could not read dos header from C:\WINDOWS\SYSTEM32\Secur32.dll
[0612/120417.359:ERROR:process_memory_win.cc(73)] ReadMemory at 0x7ff8b9ad0000 of 64 bytes failed: Only part of a ReadProcessMemory or WriteProcessMemory request was completed. (0x12B)
[0612/120417.359:WARNING:pe_image_reader.cc(340)] could not read dos header from C:\WINDOWS\SYSTEM32\dhcpcsvc.DLL
[0612/120417.359:ERROR:process_memory_win.cc(73)] ReadMemory at 0x7ff8c7730000 of 64 bytes failed: Only part of a ReadProcessMemory or WriteProcessMemory request was completed. (0x12B)
[0612/120417.359:WARNING:pe_image_reader.cc(340)] could not read dos header from C:\WINDOWS\System32\NSI.dll
[0612/120417.359:ERROR:process_memory_win.cc(73)] ReadMemory at 0x7ff8b57d0000 of 64 bytes failed: Only part of a ReadProcessMemory or WriteProcessMemory request was completed. (0x12B)
[0612/120417.359:WARNING:pe_image_reader.cc(340)] could not read dos header from C:\WINDOWS\SYSTEM32\Bcp47Langs.dll
[0612/120417.359:ERROR:process_memory_win.cc(73)] ReadMemory at 0x7ff8c08c0000 of 64 bytes failed: Only part of a ReadProcessMemory or WriteProcessMemory request was completed. (0x12B)
[0612/120417.359:WARNING:pe_image_reader.cc(340)] could not read dos header from C:\WINDOWS\SYSTEM32\PROPSYS.dll
[0612/120417.359:ERROR:process_memory_win.cc(73)] ReadMemory at 0x7ff8b7620000 of 64 bytes failed: Only part of a ReadProcessMemory or WriteProcessMemory request was completed. (0x12B)
[0612/120417.359:WARNING:pe_image_reader.cc(340)] could not read dos header from C:\WINDOWS\SYSTEM32\iertutil.dll
[0612/120417.359:ERROR:process_memory_win.cc(73)] ReadMemory at 0x7ff8c5a90000 of 64 bytes failed: Only part of a ReadProcessMemory or WriteProcessMemory request was completed. (0x12B)
[0612/120417.359:WARNING:pe_image_reader.cc(340)] could not read dos header from C:\WINDOWS\SYSTEM32\SSPICLI.DLL
[0612/120417.390:ERROR:process_memory_win.cc(73)] ReadMemory at 0xd18e9f3000 of 53248 bytes failed: Only part of a ReadProcessMemory or WriteProcessMemory request was completed. (0x12B)
[0612/120417.406:ERROR:process_memory_win.cc(73)] ReadMemory at 0xd18ebfd000 of 12288 bytes failed: Only part of a ReadProcessMemory or WriteProcessMemory request was completed. (0x12B)
[0612/120417.406:ERROR:process_memory_win.cc(73)] ReadMemory at 0xd18edf8000 of 32768 bytes failed: Only part of a ReadProcessMemory or WriteProcessMemory request was completed. (0x12B)
[0612/120417.406:ERROR:process_memory_win.cc(73)] ReadMemory at 0xd18effd000 of 12288 bytes failed: Only part of a ReadProcessMemory or WriteProcessMemory request was completed. (0x12B)
[0612/120417.406:ERROR:process_memory_win.cc(73)] ReadMemory at 0xd18f1fc000 of 16384 bytes failed: Only part of a ReadProcessMemory or WriteProcessMemory request was completed. (0x12B)
[0612/120417.406:ERROR:process_memory_win.cc(73)] ReadMemory at 0xd18f3fe000 of 8192 bytes failed: Only part of a ReadProcessMemory or WriteProcessMemory request was completed. (0x12B)
[0612/120417.406:ERROR:process_memory_win.cc(73)] ReadMemory at 0xd18f5fd000 of 12288 bytes failed: Only part of a ReadProcessMemory or WriteProcessMemory request was completed. (0x12B)
[0612/120417.406:ERROR:process_memory_win.cc(73)] ReadMemory at 0xd18f7fb000 of 20480 bytes failed: Only part of a ReadProcessMemory or WriteProcessMemory request was completed. (0x12B)
[0612/120417.406:ERROR:process_memory_win.cc(73)] ReadMemory at 0xd18f9fd000 of 12288 bytes failed: Only part of a ReadProcessMemory or WriteProcessMemory request was completed. (0x12B)
[0612/120417.406:ERROR:process_memory_win.cc(73)] ReadMemory at 0xd18fbfd000 of 12288 bytes failed: Only part of a ReadProcessMemory or WriteProcessMemory request was completed. (0x12B)
[0612/120417.406:ERROR:process_memory_win.cc(73)] ReadMemory at 0xd18fdfd000 of 12288 bytes failed: Only part of a ReadProcessMemory or WriteProcessMemory request was completed. (0x12B)
[0612/120417.406:ERROR:process_memory_win.cc(73)] ReadMemory at 0xd18fffd000 of 12288 bytes failed: Only part of a ReadProcessMemory or WriteProcessMemory request was completed. (0x12B)
[0612/120417.406:ERROR:process_memory_win.cc(73)] ReadMemory at 0xd1901fd000 of 12288 bytes failed: Only part of a ReadProcessMemory or WriteProcessMemory request was completed. (0x12B)
[0612/120417.406:ERROR:process_memory_win.cc(73)] ReadMemory at 0xd1903fd000 of 12288 bytes failed: Only part of a ReadProcessMemory or WriteProcessMemory request was completed. (0x12B)
[0612/120417.406:ERROR:process_memory_win.cc(73)] ReadMemory at 0xd1905fb000 of 20480 bytes failed: Only part of a ReadProcessMemory or WriteProcessMemory request was completed. (0x12B)
[0612/120417.406:ERROR:process_memory_win.cc(73)] ReadMemory at 0xd1907f8000 of 32768 bytes failed: Only part of a ReadProcessMemory or WriteProcessMemory request was completed. (0x12B)
[0612/120417.406:ERROR:process_memory_win.cc(73)] ReadMemory at 0xd1909fb000 of 20480 bytes failed: Only part of a ReadProcessMemory or WriteProcessMemory request was completed. (0x12B)
[0612/120417.406:ERROR:process_memory_win.cc(73)] ReadMemory at 0xd190bfd000 of 12288 bytes failed: Only part of a ReadProcessMemory or WriteProcessMemory request was completed. (0x12B)
[0612/120417.406:ERROR:process_memory_win.cc(73)] ReadMemory at 0xd18e688000 of 852 bytes failed: Only part of a ReadProcessMemory or WriteProcessMemory request was completed. (0x12B)
[0612/120417.406:ERROR:process_memory_win.cc(73)] ReadMemory at 0xd18e689000 of 6024 bytes failed: Only part of a ReadProcessMemory or WriteProcessMemory request was completed. (0x12B)
[0612/120417.406:ERROR:process_memory_win.cc(73)] ReadMemory at 0xd18e68b000 of 6024 bytes failed: Only part of a ReadProcessMemory or WriteProcessMemory request was completed. (0x12B)
[0612/120417.406:ERROR:process_memory_win.cc(73)] ReadMemory at 0xd18e68d000 of 6024 bytes failed: Only part of a ReadProcessMemory or WriteProcessMemory request was completed. (0x12B)
[0612/120417.406:ERROR:process_memory_win.cc(73)] ReadMemory at 0xd18e68f000 of 6024 bytes failed: Only part of a ReadProcessMemory or WriteProcessMemory request was completed. (0x12B)
[0612/120417.406:ERROR:process_memory_win.cc(73)] ReadMemory at 0xd18e691000 of 6024 bytes failed: Only part of a ReadProcessMemory or WriteProcessMemory request was completed. (0x12B)
[0612/120417.406:ERROR:process_memory_win.cc(73)] ReadMemory at 0xd18e693000 of 6024 bytes failed: Only part of a ReadProcessMemory or WriteProcessMemory request was completed. (0x12B)
[0612/120417.406:ERROR:process_memory_win.cc(73)] ReadMemory at 0xd18e695000 of 6024 bytes failed: Only part of a ReadProcessMemory or WriteProcessMemory request was completed. (0x12B)
[0612/120417.406:ERROR:process_memory_win.cc(73)] ReadMemory at 0xd18e697000 of 6024 bytes failed: Only part of a ReadProcessMemory or WriteProcessMemory request was completed. (0x12B)
[0612/120417.406:ERROR:process_memory_win.cc(73)] ReadMemory at 0xd18e699000 of 6024 bytes failed: Only part of a ReadProcessMemory or WriteProcessMemory request was completed. (0x12B)
[0612/120417.406:ERROR:process_memory_win.cc(73)] ReadMemory at 0xd18e69b000 of 6024 bytes failed: Only part of a ReadProcessMemory or WriteProcessMemory request was completed. (0x12B)
[0612/120417.406:ERROR:process_memory_win.cc(73)] ReadMemory at 0xd18e69d000 of 6024 bytes failed: Only part of a ReadProcessMemory or WriteProcessMemory request was completed. (0x12B)
[0612/120417.406:ERROR:process_memory_win.cc(73)] ReadMemory at 0xd18e69f000 of 6024 bytes failed: Only part of a ReadProcessMemory or WriteProcessMemory request was completed. (0x12B)
[0612/120417.406:ERROR:process_memory_win.cc(73)] ReadMemory at 0xd18e6a1000 of 6024 bytes failed: Only part of a ReadProcessMemory or WriteProcessMemory request was completed. (0x12B)
[0612/120417.406:ERROR:process_memory_win.cc(73)] ReadMemory at 0xd18e6a3000 of 6024 bytes failed: Only part of a ReadProcessMemory or WriteProcessMemory request was completed. (0x12B)
[0612/120417.406:ERROR:process_memory_win.cc(73)] ReadMemory at 0xd18e6a5000 of 6024 bytes failed: Only part of a ReadProcessMemory or WriteProcessMemory request was completed. (0x12B)
[0612/120417.406:ERROR:process_memory_win.cc(73)] ReadMemory at 0xd18e6a7000 of 6024 bytes failed: Only part of a ReadProcessMemory or WriteProcessMemory request was completed. (0x12B)
[0612/120417.406:ERROR:process_memory_win.cc(73)] ReadMemory at 0xd18e6a9000 of 6024 bytes failed: Only part of a ReadProcessMemory or WriteProcessMemory request was completed. (0x12B)
[0612/120417.406:ERROR:process_memory_win.cc(73)] ReadMemory at 0xd18e6ab000 of 6024 bytes failed: Only part of a ReadProcessMemory or WriteProcessMemory request was completed. (0x12B)
[0612/120417.406:ERROR:process_memory_win.cc(73)] ReadMemory at 0x21d9f120fe0 of 11802 bytes failed: Only part of a ReadProcessMemory or WriteProcessMemory request was completed. (0x12B)
[0612/120417.406:ERROR:process_memory_win.cc(73)] ReadMemory at 0x21d9f123e10 of 1012 bytes failed: Only part of a ReadProcessMemory or WriteProcessMemory request was completed. (0x12B)
[0612/120417.406:ERROR:process_memory_win.cc(73)] ReadMemory at 0x21d9f124438 of 118 bytes failed: Only part of a ReadProcessMemory or WriteProcessMemory request was completed. (0x12B)
[0612/120417.406:ERROR:process_memory_win.cc(73)] ReadMemory at 0x21d9f1244b0 of 1044 bytes failed: Only part of a ReadProcessMemory or WriteProcessMemory request was completed. (0x12B)
[0612/120417.406:ERROR:process_memory_win.cc(73)] ReadMemory at 0x21d9f1248c6 of 118 bytes failed: Only part of a ReadProcessMemory or WriteProcessMemory request was completed. (0x12B)
[0612/120417.406:ERROR:process_memory_win.cc(73)] ReadMemory at 0x21d9f12493e of 96 bytes failed: Only part of a ReadProcessMemory or WriteProcessMemory request was completed. (0x12B)
[0612/120417.406:ERROR:process_memory_win.cc(73)] ReadMemory at 0x21d9f1249b0 of 58 bytes failed: Only part of a ReadProcessMemory or WriteProcessMemory request was completed. (0x12B)
[0612/120417.406:ERROR:process_memory_win.cc(73)] ReadMemory at 0x21d9f124ab0 of 132 bytes failed: Only part of a ReadProcessMemory or WriteProcessMemory request was completed. (0x12B)
[0612/120417.406:ERROR:process_memory_win.cc(73)] ReadMemory at 0x21d9f124c40 of 132 bytes failed: Only part of a ReadProcessMemory or WriteProcessMemory request was completed. (0x12B)
[0612/120417.406:ERROR:process_memory_win.cc(73)] ReadMemory at 0x21d9f124e00 of 126 bytes failed: Only part of a ReadProcessMemory or WriteProcessMemory request was completed. (0x12B)
[0612/120417.406:ERROR:process_memory_win.cc(73)] ReadMemory at 0x21d9f1251e0 of 132 bytes failed: Only part of a ReadProcessMemory or WriteProcessMemory request was completed. (0x12B)
[0612/120417.406:ERROR:process_memory_win.cc(73)] ReadMemory at 0x21d9f125370 of 64 bytes failed: Only part of a ReadProcessMemory or WriteProcessMemory request was completed. (0x12B)
[0612/120417.406:ERROR:process_memory_win.cc(73)] ReadMemory at 0x21d9f1254d0 of 132 bytes failed: Only part of a ReadProcessMemory or WriteProcessMemory request was completed. (0x12B)
[0612/120417.406:ERROR:process_memory_win.cc(73)] ReadMemory at 0x21d9f125660 of 62 bytes failed: Only part of a ReadProcessMemory or WriteProcessMemory request was completed. (0x12B)
[0612/120417.406:ERROR:process_memory_win.cc(73)] ReadMemory at 0x21d9f1257d0 of 132 bytes failed: Only part of a ReadProcessMemory or WriteProcessMemory request was completed. (0x12B)
[0612/120417.406:ERROR:process_memory_win.cc(73)] ReadMemory at 0x21d9f125960 of 68 bytes failed: Only part of a ReadProcessMemory or WriteProcessMemory request was completed. (0x12B)
[0612/120417.406:ERROR:process_memory_win.cc(73)] ReadMemory at 0x21d9f129b10 of 132 bytes failed: Only part of a ReadProcessMemory or WriteProcessMemory request was completed. (0x12B)
[0612/120417.406:ERROR:process_memory_win.cc(73)] ReadMemory at 0x21d9f129d50 of 132 bytes failed: Only part of a ReadProcessMemory or WriteProcessMemory request was completed. (0x12B)
[0612/120417.406:ERROR:process_memory_win.cc(73)] ReadMemory at 0x21d9f129ee0 of 62 bytes failed: Only part of a ReadProcessMemory or WriteProcessMemory request was completed. (0x12B)
[0612/120417.406:ERROR:process_memory_win.cc(73)] ReadMemory at 0x21d9f12b660 of 132 bytes failed: Only part of a ReadProcessMemory or WriteProcessMemory request was completed. (0x12B)
[0612/120417.406:ERROR:process_memory_win.cc(73)] ReadMemory at 0x21d9f12b7f0 of 60 bytes failed: Only part of a ReadProcessMemory or WriteProcessMemory request was completed. (0x12B)
[0612/120417.406:ERROR:process_memory_win.cc(73)] ReadMemory at 0x21d9f12b840 of 158 bytes failed: Only part of a ReadProcessMemory or WriteProcessMemory request was completed. (0x12B)
[0612/120417.406:ERROR:process_memory_win.cc(73)] ReadMemory at 0x21d9f12ba40 of 132 bytes failed: Only part of a ReadProcessMemory or WriteProcessMemory request was completed. (0x12B)
[0612/120417.406:ERROR:process_memory_win.cc(73)] ReadMemory at 0x21d9f12bbd0 of 64 bytes failed: Only part of a ReadProcessMemory or WriteProcessMemory request was completed. (0x12B)
[0612/120417.406:ERROR:process_memory_win.cc(73)] ReadMemory at 0x21d9f12be50 of 132 bytes failed: Only part of a ReadProcessMemory or WriteProcessMemory request was completed. (0x12B)
[0612/120417.406:ERROR:process_memory_win.cc(73)] ReadMemory at 0x21d9f12bfe0 of 64 bytes failed: Only part of a ReadProcessMemory or WriteProcessMemory request was completed. (0x12B)
[0612/120417.406:ERROR:process_memory_win.cc(73)] ReadMemory at 0x21d9f12c240 of 132 bytes failed: Only part of a ReadProcessMemory or WriteProcessMemory request was completed. (0x12B)
[0612/120417.406:ERROR:process_memory_win.cc(73)] ReadMemory at 0x21d9f12c3d0 of 60 bytes failed: Only part of a ReadProcessMemory or WriteProcessMemory request was completed. (0x12B)
[0612/120417.406:ERROR:process_memory_win.cc(73)] ReadMemory at 0x21d9f12c6e0 of 132 bytes failed: Only part of a ReadProcessMemory or WriteProcessMemory request was completed. (0x12B)
[0612/120417.406:ERROR:process_memory_win.cc(73)] ReadMemory at 0x21d9f12c870 of 60 bytes failed: Only part of a ReadProcessMemory or WriteProcessMemory request was completed. (0x12B)
[0612/120417.406:ERROR:process_memory_win.cc(73)] ReadMemory at 0x21d9f12cab0 of 132 bytes failed: Only part of a ReadProcessMemory or WriteProcessMemory request was completed. (0x12B)
[0612/120417.406:ERROR:process_memory_win.cc(73)] ReadMemory at 0x21d9f12cc40 of 62 bytes failed: Only part of a ReadProcessMemory or WriteProcessMemory request was completed. (0x12B)
[0612/120417.406:ERROR:process_memory_win.cc(73)] ReadMemory at 0x21d9f12f3f0 of 132 bytes failed: Only part of a ReadProcessMemory or WriteProcessMemory request was completed. (0x12B)
[0612/120417.406:ERROR:process_memory_win.cc(73)] ReadMemory at 0x21d9f12f5d0 of 76 bytes failed: Only part of a ReadProcessMemory or WriteProcessMemory request was completed. (0x12B)
[0612/120417.406:ERROR:process_memory_win.cc(73)] ReadMemory at 0x21d9f12f990 of 80 bytes failed: Only part of a ReadProcessMemory or WriteProcessMemory request was completed. (0x12B)
[0612/120417.406:ERROR:process_memory_win.cc(73)] ReadMemory at 0x21d9f12f9f0 of 78 bytes failed: Only part of a ReadProcessMemory or WriteProcessMemory request was completed. (0x12B)
[0612/120417.406:ERROR:process_memory_win.cc(73)] ReadMemory at 0x21d9f12fc90 of 80 bytes failed: Only part of a ReadProcessMemory or WriteProcessMemory request was completed. (0x12B)
[0612/120417.406:ERROR:process_memory_win.cc(73)] ReadMemory at 0x21d9f1302f0 of 132 bytes failed: Only part of a ReadProcessMemory or WriteProcessMemory request was completed. (0x12B)
[0612/120417.406:ERROR:process_memory_win.cc(73)] ReadMemory at 0x21d9f130c30 of 132 bytes failed: Only part of a ReadProcessMemory or WriteProcessMemory request was completed. (0x12B)
[0612/120417.406:ERROR:process_memory_win.cc(73)] ReadMemory at 0x21d9f130d30 of 512 bytes failed: Only part of a ReadProcessMemory or WriteProcessMemory request was completed. (0x12B)
[0612/120417.406:ERROR:process_memory_win.cc(73)] ReadMemory at 0x21d9f130fa0 of 132 bytes failed: Only part of a ReadProcessMemory or WriteProcessMemory request was completed. (0x12B)
[0612/120417.406:ERROR:process_memory_win.cc(73)] ReadMemory at 0x21d9f1311c0 of 66 bytes failed: Only part of a ReadProcessMemory or WriteProcessMemory request was completed. (0x12B)
[0612/120417.422:ERROR:process_memory_win.cc(73)] ReadMemory at 0x21d9f131210 of 64 bytes failed: Only part of a ReadProcessMemory or WriteProcessMemory request was completed. (0x12B)
[0612/120417.422:ERROR:process_memory_win.cc(73)] ReadMemory at 0x21d9f131260 of 60 bytes failed: Only part of a ReadProcessMemory or WriteProcessMemory request was completed. (0x12B)
[0612/120417.422:ERROR:process_memory_win.cc(73)] ReadMemory at 0x21d9f1312b0 of 62 bytes failed: Only part of a ReadProcessMemory or WriteProcessMemory request was completed. (0x12B)
[0612/120417.422:ERROR:process_memory_win.cc(73)] ReadMemory at 0x21d9f131300 of 62 bytes failed: Only part of a ReadProcessMemory or WriteProcessMemory request was completed. (0x12B)
[0612/120417.422:ERROR:process_memory_win.cc(73)] ReadMemory at 0x21d9f131350 of 64 bytes failed: Only part of a ReadProcessMemory or WriteProcessMemory request was completed. (0x12B)
[0612/120417.422:ERROR:process_memory_win.cc(73)] ReadMemory at 0x21d9f1313a0 of 60 bytes failed: Only part of a ReadProcessMemory or WriteProcessMemory request was completed. (0x12B)
[0612/120417.422:ERROR:process_memory_win.cc(73)] ReadMemory at 0x21d9f1314e0 of 62 bytes failed: Only part of a ReadProcessMemory or WriteProcessMemory request was completed. (0x12B)
[0612/120417.422:ERROR:process_memory_win.cc(73)] ReadMemory at 0x21d9f1315d0 of 58 bytes failed: Only part of a ReadProcessMemory or WriteProcessMemory request was completed. (0x12B)
[0612/120417.422:ERROR:process_memory_win.cc(73)] ReadMemory at 0x21d9f131620 of 62 bytes failed: Only part of a ReadProcessMemory or WriteProcessMemory request was completed. (0x12B)
[0612/120417.422:ERROR:process_memory_win.cc(73)] ReadMemory at 0x21d9f131670 of 62 bytes failed: Only part of a ReadProcessMemory or WriteProcessMemory request was completed. (0x12B)
[0612/120417.422:ERROR:process_memory_win.cc(73)] ReadMemory at 0x21d9f1316c0 of 62 bytes failed: Only part of a ReadProcessMemory or WriteProcessMemory request was completed. (0x12B)
[0612/120417.422:ERROR:process_memory_win.cc(73)] ReadMemory at 0x21d9f131710 of 66 bytes failed: Only part of a ReadProcessMemory or WriteProcessMemory request was completed. (0x12B)
[0612/120417.422:ERROR:process_memory_win.cc(73)] ReadMemory at 0x21d9f1317b0 of 58 bytes failed: Only part of a ReadProcessMemory or WriteProcessMemory request was completed. (0x12B)
[0612/120417.422:ERROR:process_memory_win.cc(73)] ReadMemory at 0x21d9f132a40 of 132 bytes failed: Only part of a ReadProcessMemory or WriteProcessMemory request was completed. (0x12B)
[0612/120417.422:ERROR:process_memory_win.cc(73)] ReadMemory at 0x21d9f132b70 of 132 bytes failed: Only part of a ReadProcessMemory or WriteProcessMemory request was completed. (0x12B)
[0612/120417.422:ERROR:process_memory_win.cc(73)] ReadMemory at 0x21d9f132ca0 of 132 bytes failed: Only part of a ReadProcessMemory or WriteProcessMemory request was completed. (0x12B)
[0612/120417.422:ERROR:process_memory_win.cc(73)] ReadMemory at 0x21d9f132dd0 of 132 bytes failed: Only part of a ReadProcessMemory or WriteProcessMemory request was completed. (0x12B)
[0612/120417.422:ERROR:process_memory_win.cc(73)] ReadMemory at 0x21d9f132f00 of 132 bytes failed: Only part of a ReadProcessMemory or WriteProcessMemory request was completed. (0x12B)
[0612/120417.422:ERROR:process_memory_win.cc(73)] ReadMemory at 0x21d9f133030 of 132 bytes failed: Only part of a ReadProcessMemory or WriteProcessMemory request was completed. (0x12B)
[0612/120417.422:ERROR:process_memory_win.cc(73)] ReadMemory at 0x21d9f133160 of 132 bytes failed: Only part of a ReadProcessMemory or WriteProcessMemory request was completed. (0x12B)
[0612/120417.422:ERROR:process_memory_win.cc(73)] ReadMemory at 0x21d9f133290 of 132 bytes failed: Only part of a ReadProcessMemory or WriteProcessMemory request was completed. (0x12B)
[0612/120417.422:ERROR:process_memory_win.cc(73)] ReadMemory at 0x21d9f1333c0 of 132 bytes failed: Only part of a ReadProcessMemory or WriteProcessMemory request was completed. (0x12B)
[0612/120417.422:ERROR:process_memory_win.cc(73)] ReadMemory at 0x21d9f1334f0 of 132 bytes failed: Only part of a ReadProcessMemory or WriteProcessMemory request was completed. (0x12B)
[0612/120417.422:ERROR:process_memory_win.cc(73)] ReadMemory at 0x21d9f133620 of 132 bytes failed: Only part of a ReadProcessMemory or WriteProcessMemory request was completed. (0x12B)
[0612/120417.422:ERROR:process_memory_win.cc(73)] ReadMemory at 0x21d9f133750 of 132 bytes failed: Only part of a ReadProcessMemory or WriteProcessMemory request was completed. (0x12B)
[0612/120417.422:ERROR:process_memory_win.cc(73)] ReadMemory at 0x21d9f133880 of 132 bytes failed: Only part of a ReadProcessMemory or WriteProcessMemory request was completed. (0x12B)
[0612/120417.422:ERROR:process_memory_win.cc(73)] ReadMemory at 0x21d9f1350b0 of 154 bytes failed: Only part of a ReadProcessMemory or WriteProcessMemory request was completed. (0x12B)
[0612/120417.422:ERROR:process_memory_win.cc(73)] ReadMemory at 0x21d9f135bc0 of 132 bytes failed: Only part of a ReadProcessMemory or WriteProcessMemory request was completed. (0x12B)
[0612/120417.422:ERROR:process_memory_win.cc(73)] ReadMemory at 0x21d9f135cf0 of 132 bytes failed: Only part of a ReadProcessMemory or WriteProcessMemory request was completed. (0x12B)
[0612/120417.422:ERROR:process_memory_win.cc(73)] ReadMemory at 0x21d9f135e20 of 132 bytes failed: Only part of a ReadProcessMemory or WriteProcessMemory request was completed. (0x12B)
[0612/120417.422:ERROR:process_memory_win.cc(73)] ReadMemory at 0x21d9f135f50 of 132 bytes failed: Only part of a ReadProcessMemory or WriteProcessMemory request was completed. (0x12B)
[0612/120417.422:ERROR:process_memory_win.cc(73)] ReadMemory at 0x21d9f136080 of 132 bytes failed: Only part of a ReadProcessMemory or WriteProcessMemory request was completed. (0x12B)
[0612/120417.422:ERROR:process_memory_win.cc(73)] ReadMemory at 0x21d9f1361b0 of 132 bytes failed: Only part of a ReadProcessMemory or WriteProcessMemory request was completed. (0x12B)
[0612/120417.422:ERROR:process_memory_win.cc(73)] ReadMemory at 0x21d9f1362e0 of 132 bytes failed: Only part of a ReadProcessMemory or WriteProcessMemory request was completed. (0x12B)
[0612/120417.422:ERROR:process_memory_win.cc(73)] ReadMemory at 0x21d9f136410 of 132 bytes failed: Only part of a ReadProcessMemory or WriteProcessMemory request was completed. (0x12B)
[0612/120417.422:ERROR:process_memory_win.cc(73)] ReadMemory at 0x21d9f136540 of 132 bytes failed: Only part of a ReadProcessMemory or WriteProcessMemory request was completed. (0x12B)
[0612/120417.422:ERROR:process_memory_win.cc(73)] ReadMemory at 0x21d9f136670 of 132 bytes failed: Only part of a ReadProcessMemory or WriteProcessMemory request was completed. (0x12B)
[0612/120417.422:ERROR:process_memory_win.cc(73)] ReadMemory at 0x21d9f1367a0 of 132 bytes failed: Only part of a ReadProcessMemory or WriteProcessMemory request was completed. (0x12B)
[0612/120417.422:ERROR:process_memory_win.cc(73)] ReadMemory at 0x21d9f1368d0 of 132 bytes failed: Only part of a ReadProcessMemory or WriteProcessMemory request was completed. (0x12B)
[0612/120417.422:ERROR:process_memory_win.cc(73)] ReadMemory at 0x21d9f136a00 of 132 bytes failed: Only part of a ReadProcessMemory or WriteProcessMemory request was completed. (0x12B)
[0612/120417.422:ERROR:process_memory_win.cc(73)] ReadMemory at 0x21d9f136b30 of 132 bytes failed: Only part of a ReadProcessMemory or WriteProcessMemory request was completed. (0x12B)
[0612/120417.422:ERROR:process_memory_win.cc(73)] ReadMemory at 0x21d9f136c60 of 132 bytes failed: Only part of a ReadProcessMemory or WriteProcessMemory request was completed. (0x12B)
[0612/120417.422:ERROR:process_memory_win.cc(73)] ReadMemory at 0x21d9f136d90 of 132 bytes failed: Only part of a ReadProcessMemory or WriteProcessMemory request was completed. (0x12B)
[0612/120417.422:ERROR:process_memory_win.cc(73)] ReadMemory at 0x21d9f136ec0 of 132 bytes failed: Only part of a ReadProcessMemory or WriteProcessMemory request was completed. (0x12B)
[0612/120417.422:ERROR:process_memory_win.cc(73)] ReadMemory at 0x21d9f136ff0 of 132 bytes failed: Only part of a ReadProcessMemory or WriteProcessMemory request was completed. (0x12B)
[0612/120417.422:ERROR:process_memory_win.cc(73)] ReadMemory at 0x21d9f137120 of 132 bytes failed: Only part of a ReadProcessMemory or WriteProcessMemory request was completed. (0x12B)
[0612/120417.422:ERROR:process_memory_win.cc(73)] ReadMemory at 0x21d9f137250 of 132 bytes failed: Only part of a ReadProcessMemory or WriteProcessMemory request was completed. (0x12B)
[0612/120417.422:ERROR:process_memory_win.cc(73)] ReadMemory at 0x21d9f137380 of 132 bytes failed: Only part of a ReadProcessMemory or WriteProcessMemory request was completed. (0x12B)
[0612/120417.422:ERROR:process_memory_win.cc(73)] ReadMemory at 0x21d9f1374b0 of 132 bytes failed: Only part of a ReadProcessMemory or WriteProcessMemory request was completed. (0x12B)
[0612/120417.422:ERROR:process_memory_win.cc(73)] ReadMemory at 0x21d9f1375e0 of 132 bytes failed: Only part of a ReadProcessMemory or WriteProcessMemory request was completed. (0x12B)
[0612/120417.422:ERROR:process_memory_win.cc(73)] ReadMemory at 0x21d9f137710 of 132 bytes failed: Only part of a ReadProcessMemory or WriteProcessMemory request was completed. (0x12B)
[0612/120417.422:ERROR:process_memory_win.cc(73)] ReadMemory at 0x21d9f137840 of 132 bytes failed: Only part of a ReadProcessMemory or WriteProcessMemory request was completed. (0x12B)
[0612/120417.422:ERROR:process_memory_win.cc(73)] ReadMemory at 0x21d9f13b1f0 of 66 bytes failed: Only part of a ReadProcessMemory or WriteProcessMemory request was completed. (0x12B)
[0612/120417.422:ERROR:process_memory_win.cc(73)] ReadMemory at 0x21d9f13b380 of 58 bytes failed: Only part of a ReadProcessMemory or WriteProcessMemory request was completed. (0x12B)
[0612/120417.422:ERROR:process_memory_win.cc(73)] ReadMemory at 0x21d9f146920 of 54 bytes failed: Only part of a ReadProcessMemory or WriteProcessMemory request was completed. (0x12B)
[0612/120417.422:ERROR:process_memory_win.cc(73)] ReadMemory at 0x21d9f14af80 of 60 bytes failed: Only part of a ReadProcessMemory or WriteProcessMemory request was completed. (0x12B)
[0612/120417.422:ERROR:process_memory_win.cc(73)] ReadMemory at 0x21d9f14b020 of 64 bytes failed: Only part of a ReadProcessMemory or WriteProcessMemory request was completed. (0x12B)
[0612/120417.422:ERROR:process_memory_win.cc(73)] ReadMemory at 0x21d9f14b110 of 60 bytes failed: Only part of a ReadProcessMemory or WriteProcessMemory request was completed. (0x12B)
[0612/120417.422:ERROR:process_memory_win.cc(73)] ReadMemory at 0x21d9f14b200 of 60 bytes failed: Only part of a ReadProcessMemory or WriteProcessMemory request was completed. (0x12B)
[0612/120417.422:ERROR:process_memory_win.cc(73)] ReadMemory at 0x21d9f14b250 of 64 bytes failed: Only part of a ReadProcessMemory or WriteProcessMemory request was completed. (0x12B)
[0612/120417.422:ERROR:process_memory_win.cc(73)] ReadMemory at 0x21d9f14b390 of 64 bytes failed: Only part of a ReadProcessMemory or WriteProcessMemory request was completed. (0x12B)
[0612/120417.422:ERROR:process_memory_win.cc(73)] ReadMemory at 0x21d9f14b3e0 of 64 bytes failed: Only part of a ReadProcessMemory or WriteProcessMemory request was completed. (0x12B)
[0612/120417.422:ERROR:process_memory_win.cc(73)] ReadMemory at 0x21d9f14b4d0 of 62 bytes failed: Only part of a ReadProcessMemory or WriteProcessMemory request was completed. (0x12B)
[0612/120417.422:ERROR:process_memory_win.cc(73)] ReadMemory at 0x21d9f14b520 of 62 bytes failed: Only part of a ReadProcessMemory or WriteProcessMemory request was completed. (0x12B)
[0612/120417.422:ERROR:process_memory_win.cc(73)] ReadMemory at 0x21d9f14b700 of 64 bytes failed: Only part of a ReadProcessMemory or WriteProcessMemory request was completed. (0x12B)
[0612/120417.422:ERROR:process_memory_win.cc(73)] ReadMemory at 0x21d9f14b840 of 60 bytes failed: Only part of a ReadProcessMemory or WriteProcessMemory request was completed. (0x12B)
[0612/120417.422:ERROR:process_memory_win.cc(73)] ReadMemory at 0x21d9f14b890 of 58 bytes failed: Only part of a ReadProcessMemory or WriteProcessMemory request was completed. (0x12B)
[0612/120417.422:ERROR:process_memory_win.cc(73)] ReadMemory at 0x21d9f14b930 of 62 bytes failed: Only part of a ReadProcessMemory or WriteProcessMemory request was completed. (0x12B)
[0612/120417.422:ERROR:process_memory_win.cc(73)] ReadMemory at 0x21d9f14b980 of 62 bytes failed: Only part of a ReadProcessMemory or WriteProcessMemory request was completed. (0x12B)
[0612/120417.422:ERROR:process_memory_win.cc(73)] ReadMemory at 0x21d9f14b9d0 of 62 bytes failed: Only part of a ReadProcessMemory or WriteProcessMemory request was completed. (0x12B)
[0612/120417.422:ERROR:process_memory_win.cc(73)] ReadMemory at 0x21d9f14ba20 of 64 bytes failed: Only part of a ReadProcessMemory or WriteProcessMemory request was completed. (0x12B)
[0612/120417.422:ERROR:process_memory_win.cc(73)] ReadMemory at 0x21d9f14ba70 of 60 bytes failed: Only part of a ReadProcessMemory or WriteProcessMemory request was completed. (0x12B)
[0612/120417.422:ERROR:process_memory_win.cc(73)] ReadMemory at 0x21d9f14bac0 of 68 bytes failed: Only part of a ReadProcessMemory or WriteProcessMemory request was completed. (0x12B)
[0612/120417.422:ERROR:process_memory_win.cc(73)] ReadMemory at 0x21d9f14bb10 of 64 bytes failed: Only part of a ReadProcessMemory or WriteProcessMemory request was completed. (0x12B)
[0612/120417.422:ERROR:process_memory_win.cc(73)] ReadMemory at 0x21d9f14bbb0 of 56 bytes failed: Only part of a ReadProcessMemory or WriteProcessMemory request was completed. (0x12B)
[0612/120417.422:ERROR:process_memory_win.cc(73)] ReadMemory at 0x21d9f14bc50 of 58 bytes failed: Only part of a ReadProcessMemory or WriteProcessMemory request was completed. (0x12B)
[0612/120417.422:ERROR:process_memory_win.cc(73)] ReadMemory at 0x21d9f14bcf0 of 62 bytes failed: Only part of a ReadProcessMemory or WriteProcessMemory request was completed. (0x12B)
[0612/120417.422:ERROR:process_memory_win.cc(73)] ReadMemory at 0x21d9f14bd40 of 64 bytes failed: Only part of a ReadProcessMemory or WriteProcessMemory request was completed. (0x12B)
[0612/120417.422:ERROR:process_memory_win.cc(73)] ReadMemory at 0x21d9f14bd90 of 60 bytes failed: Only part of a ReadProcessMemory or WriteProcessMemory request was completed. (0x12B)
[0612/120417.422:ERROR:process_memory_win.cc(73)] ReadMemory at 0x21d9f14ea50 of 246 bytes failed: Only part of a ReadProcessMemory or WriteProcessMemory request was completed. (0x12B)
[0612/120417.422:ERROR:process_memory_win.cc(73)] ReadMemory at 0x21d9f150550 of 132 bytes failed: Only part of a ReadProcessMemory or WriteProcessMemory request was completed. (0x12B)
[0612/120417.422:ERROR:process_memory_win.cc(73)] ReadMemory at 0x21d9f151260 of 132 bytes failed: Only part of a ReadProcessMemory or WriteProcessMemory request was completed. (0x12B)
[0612/120417.422:ERROR:process_memory_win.cc(73)] ReadMemory at 0x21d9f151720 of 132 bytes failed: Only part of a ReadProcessMemory or WriteProcessMemory request was completed. (0x12B)
[0612/120417.422:ERROR:process_memory_win.cc(73)] ReadMemory at 0x21d9f151be0 of 132 bytes failed: Only part of a ReadProcessMemory or WriteProcessMemory request was completed. (0x12B)
[0612/120417.422:ERROR:process_memory_win.cc(73)] ReadMemory at 0x21d9f151e40 of 132 bytes failed: Only part of a ReadProcessMemory or WriteProcessMemory request was completed. (0x12B)
[0612/120417.422:ERROR:process_memory_win.cc(73)] ReadMemory at 0x21d9f151f70 of 132 bytes failed: Only part of a ReadProcessMemory or WriteProcessMemory request was completed. (0x12B)
[0612/120417.422:ERROR:process_memory_win.cc(73)] ReadMemory at 0x21d9f160ce0 of 512 bytes failed: Only part of a ReadProcessMemory or WriteProcessMemory request was completed. (0x12B)
[0612/120417.422:ERROR:process_memory_win.cc(73)] ReadMemory at 0x21d9f822ea0 of 512 bytes failed: Only part of a ReadProcessMemory or WriteProcessMemory request was completed. (0x12B)
[0612/120417.422:ERROR:process_memory_win.cc(73)] ReadMemory at 0x21d9f857c90 of 512 bytes failed: Only part of a ReadProcessMemory or WriteProcessMemory request was completed. (0x12B)
[0612/120417.437:ERROR:process_memory_win.cc(73)] ReadMemory at 0x21d9f86e950 of 1024 bytes failed: Only part of a ReadProcessMemory or WriteProcessMemory request was completed. (0x12B)
[0612/120417.437:ERROR:process_memory_win.cc(73)] ReadMemory at 0x21d9f8709b0 of 696 bytes failed: Only part of a ReadProcessMemory or WriteProcessMemory request was completed. (0x12B)
[0612/120417.437:ERROR:process_memory_win.cc(73)] ReadMemory at 0x21d9f8a74e0 of 512 bytes failed: Only part of a ReadProcessMemory or WriteProcessMemory request was completed. (0x12B)
[0612/120417.437:ERROR:process_memory_win.cc(73)] ReadMemory at 0x21d9f8a7c60 of 1088 bytes failed: Only part of a ReadProcessMemory or WriteProcessMemory request was completed. (0x12B)
[0612/120417.437:ERROR:process_memory_win.cc(73)] ReadMemory at 0x21da1770000 of 384 bytes failed: Only part of a ReadProcessMemory or WriteProcessMemory request was completed. (0x12B)
[0612/120417.437:ERROR:process_memory_win.cc(73)] ReadMemory at 0x21da17eb650 of 512 bytes failed: Only part of a ReadProcessMemory or WriteProcessMemory request was completed. (0x12B)
[0612/120417.437:ERROR:process_memory_win.cc(73)] ReadMemory at 0x21da197bab0 of 512 bytes failed: Only part of a ReadProcessMemory or WriteProcessMemory request was completed. (0x12B)
[0612/120417.437:ERROR:process_memory_win.cc(73)] ReadMemory at 0x21da1db40b0 of 512 bytes failed: Only part of a ReadProcessMemory or WriteProcessMemory request was completed. (0x12B)
[0612/120417.437:ERROR:process_memory_win.cc(73)] ReadMemory at 0x21da1ebf200 of 512 bytes failed: Only part of a ReadProcessMemory or WriteProcessMemory request was completed. (0x12B)
[0612/120417.437:ERROR:process_memory_win.cc(73)] ReadMemory at 0x21da1ec0de8 of 512 bytes failed: Only part of a ReadProcessMemory or WriteProcessMemory request was completed. (0x12B)
[0612/120417.437:ERROR:process_memory_win.cc(73)] ReadMemory at 0x6b5c5ca2fa8 of 512 bytes failed: Only part of a ReadProcessMemory or WriteProcessMemory request was completed. (0x12B)
[0612/120417.437:ERROR:process_memory_win.cc(73)] ReadMemory at 0x72f269014c21 of 512 bytes failed: Only part of a ReadProcessMemory or WriteProcessMemory request was completed. (0x12B)
[0612/120417.437:ERROR:process_memory_win.cc(73)] ReadMemory at 0x7ff85104409c of 512 bytes failed: Only part of a ReadProcessMemory or WriteProcessMemory request was completed. (0x12B)
[0612/120417.437:ERROR:process_memory_win.cc(73)] ReadMemory at 0x7ff851f01b8e of 512 bytes failed: Only part of a ReadProcessMemory or WriteProcessMemory request was completed. (0x12B)
[0612/120417.437:ERROR:process_memory_win.cc(73)] ReadMemory at 0x7ff8c74521f0 of 512 bytes failed: Only part of a ReadProcessMemory or WriteProcessMemory request was completed. (0x12B)
[0612/120417.437:ERROR:process_memory_win.cc(73)] ReadMemory at 0x7ff8c9bdff00 of 512 bytes failed: Only part of a ReadProcessMemory or WriteProcessMemory request was completed. (0x12B)
[0612/120417.437:ERROR:process_memory_win.cc(73)] ReadMemory at 0x7ff8c9c2f764 of 672 bytes failed: Only part of a ReadProcessMemory or WriteProcessMemory request was completed. (0x12B)
[0612/120417.437:ERROR:process_memory_win.cc(73)] ReadMemory at 0x7ff8c9c2fd64 of 512 bytes failed: Only part of a ReadProcessMemory or WriteProcessMemory request was completed. (0x12B)
[0612/120417.437:ERROR:process_memory_win.cc(73)] ReadMemory at 0x7ff8c9c32ff4 of 608 bytes failed: Only part of a ReadProcessMemory or WriteProcessMemory request was completed. (0x12B)
[0612/120417.437:ERROR:process_memory_win.cc(73)] ReadMemory at 0x7ff8c9cbc0c8 of 18 bytes failed: Only part of a ReadProcessMemory or WriteProcessMemory request was completed. (0x12B)
[0612/120417.437:ERROR:process_memory_win.cc(73)] ReadMemory at 0x7ff8c9cef4f8 of 40 bytes failed: Only part of a ReadProcessMemory or WriteProcessMemory request was completed. (0x12B)
[0612/120417.437:ERROR:process_memory_win.cc(73)] ReadMemory at 0x7ff8c9cef978 of 48 bytes failed: Only part of a ReadProcessMemory or WriteProcessMemory request was completed. (0x12B)
[0612/120417.437:ERROR:process_memory_win.cc(73)] ReadMemory at 0x7ff8c9cf53c0 of 64 bytes failed: Only part of a ReadProcessMemory or WriteProcessMemory request was completed. (0x12B)
[0612/120417.437:ERROR:process_memory_win.cc(73)] ReadMemory at 0x7ff8c9d08460 of 560 bytes failed: Only part of a ReadProcessMemory or WriteProcessMemory request was completed. (0x12B)
[0612/120417.437:ERROR:scoped_process_suspend.cc(40)] NtResumeProcess: An attempt was made to access an exiting process. (0xc000010a)
